Using pre-set license
Built from '2020.3/staging' branch; Version is '2020.3.26f1 (7298b473bc1a) revision 7510196'; Using compiler version '192528614'; Build Type 'Release'
OS: 'Windows 10  (10.0.19043) 64bit Professional' Language: 'en' Physical Memory: 32628 MB
BatchMode: 1, IsHumanControllingUs: 0, StartBugReporterOnCrash: 0, Is64bit: 1, IsPro: 0

COMMAND LINE ARGUMENTS:
C:\Program Files\Unity\Hub\Editor\2020.3.26f1\Editor\Unity.exe
-adb2
-batchMode
-noUpm
-name
AssetImportWorker0
-projectPath
C:/TomerF/Argaman
-logFile
Logs/AssetImportWorker0.log
-srvPort
64536
Successfully changed project path to: C:/TomerF/Argaman
C:/TomerF/Argaman
Using Asset Import Pipeline V2.
Refreshing native plugins compatible for Editor in 110.98 ms, found 2 plugins.
Preloading 0 native plugins for Editor in 0.00 ms.
Initialize engine version: 2020.3.26f1 (7298b473bc1a)
[Subsystems] Discovering subsystems at path C:/Program Files/Unity/Hub/Editor/2020.3.26f1/Editor/Data/Resources/UnitySubsystems
[Subsystems] Discovering subsystems at path C:/TomerF/Argaman/Assets
GfxDevice: creating device client; threaded=0
Direct3D:
    Version:  Direct3D 11.0 [level 11.1]
    Renderer: NVIDIA GeForce GTX 1060 (ID=0x1c20)
    Vendor:   
    VRAM:     6052 MB
    Driver:   30.0.14.9613
Initialize mono
Mono path[0] = 'C:/Program Files/Unity/Hub/Editor/2020.3.26f1/Editor/Data/Managed'
Mono path[1] = 'C:/Program Files/Unity/Hub/Editor/2020.3.26f1/Editor/Data/MonoBleedingEdge/lib/mono/unityjit'
Mono config path = 'C:/Program Files/Unity/Hub/Editor/2020.3.26f1/Editor/Data/MonoBleedingEdge/etc'
Using monoOptions --debugger-agent=transport=dt_socket,embedding=1,server=y,suspend=n,address=127.0.0.1:56756
Begin MonoManager ReloadAssembly
Registering precompiled unity dll's ...
Register platform support module: C:/Program Files/Unity/Hub/Editor/2020.3.26f1/Editor/Data/PlaybackEngines/WindowsStandaloneSupport/UnityEditor.WindowsStandalone.Extensions.dll
Registered in 0.005083 seconds.
Native extension for WindowsStandalone target not found
Refreshing native plugins compatible for Editor in 163.44 ms, found 2 plugins.
Preloading 0 native plugins for Editor in 0.00 ms.
Mono: successfully reloaded assembly
- Completed reload, in 14.687 seconds
Domain Reload Profiling:
	ReloadAssembly (14688ms)
		BeginReloadAssembly (103ms)
			ExecutionOrderSort (0ms)
			DisableScriptedObjects (0ms)
			BackupInstance (0ms)
			ReleaseScriptingObjects (0ms)
			CreateAndSetChildDomain (1ms)
		EndReloadAssembly (14435ms)
			LoadAssemblies (102ms)
			RebuildTransferFunctionScriptingTraits (0ms)
			SetupTypeCache (2644ms)
			ReleaseScriptCaches (0ms)
			RebuildScriptCaches (124ms)
			SetupLoadedEditorAssemblies (1103ms)
				LogAssemblyErrors (0ms)
				InitializePlatformSupportModulesInManaged (15ms)
				SetLoadedEditorAssemblies (1ms)
				RefreshPlugins (164ms)
				BeforeProcessingInitializeOnLoad (35ms)
				ProcessInitializeOnLoadAttributes (582ms)
				ProcessInitializeOnLoadMethodAttributes (305ms)
				AfterProcessingInitializeOnLoad (0ms)
				EditorAssembliesLoaded (1ms)
			ExecutionOrderSort2 (0ms)
			AwakeInstancesAfterBackupRestoration (0ms)
Platform modules already initialized, skipping
Registering precompiled user dll's ...
Registered in 0.037329 seconds.
Begin MonoManager ReloadAssembly
Native extension for WindowsStandalone target not found
Refreshing native plugins compatible for Editor in 149.61 ms, found 2 plugins.
Preloading 0 native plugins for Editor in 0.00 ms.
Mono: successfully reloaded assembly
- Completed reload, in  3.503 seconds
Domain Reload Profiling:
	ReloadAssembly (3505ms)
		BeginReloadAssembly (354ms)
			ExecutionOrderSort (0ms)
			DisableScriptedObjects (10ms)
			BackupInstance (0ms)
			ReleaseScriptingObjects (0ms)
			CreateAndSetChildDomain (35ms)
		EndReloadAssembly (2968ms)
			LoadAssemblies (319ms)
			RebuildTransferFunctionScriptingTraits (0ms)
			SetupTypeCache (1030ms)
			ReleaseScriptCaches (1ms)
			RebuildScriptCaches (165ms)
			SetupLoadedEditorAssemblies (1019ms)
				LogAssemblyErrors (0ms)
				InitializePlatformSupportModulesInManaged (7ms)
				SetLoadedEditorAssemblies (0ms)
				RefreshPlugins (150ms)
				BeforeProcessingInitializeOnLoad (323ms)
				ProcessInitializeOnLoadAttributes (508ms)
				ProcessInitializeOnLoadMethodAttributes (17ms)
				AfterProcessingInitializeOnLoad (14ms)
				EditorAssembliesLoaded (0ms)
			ExecutionOrderSort2 (0ms)
			AwakeInstancesAfterBackupRestoration (11ms)
Platform modules already initialized, skipping
========================================================================
Worker process is ready to serve import requests
Launched and connected shader compiler UnityShaderCompiler.exe after 0.13 seconds
Refreshing native plugins compatible for Editor in 0.81 ms, found 2 plugins.
Preloading 0 native plugins for Editor in 0.00 ms.
Unloading 2929 Unused Serialized files (Serialized files now loaded: 0)
System memory in use before: 136.0 MB.
System memory in use after: 136.2 MB.

Unloading 22 unused Assets to reduce memory usage. Loaded Objects now: 3373.
Total: 4.503200 ms (FindLiveObjects: 0.337100 ms CreateObjectMapping: 0.254900 ms MarkObjects: 3.797300 ms  DeleteObjects: 0.112400 ms)

AssetImportParameters requested are different than current active one (requested -> active):
  custom:framework-win-MediaFoundation: 216162199b28c13a410421893ffa2e32 -> 
  custom:video-decoder-ogg-theora: a1e56fd34408186e4bbccfd4996cb3dc -> 
  custom:container-muxer-webm: aa71ff27fc2769a1b78a27578f13a17b -> 
  custom:container-demuxer-webm: 4f35f7cbe854078d1ac9338744f61a02 -> 
  custom:container-demuxer-ogg: 62fdf1f143b41e24485cea50d1cbac27 -> 
  custom:video-encoder-webm-vp8: eb34c28f22e8b96e1ab97ce403110664 -> 
  custom:video-codec-MediaFoundation-h265: 746d11721c4dcdbdad8f713fa42b33f4 -> 
  custom:video-decoder-webm-vp8: 9c59270c3fd7afecdb556c50c9e8de78 -> 
  custom:audio-decoder-ogg-vorbis: bf7c407c2cedff20999df2af8eb42d56 -> 
  custom:audio-encoder-webm-vorbis: bf7c407c2cedff20999df2af8eb42d56 -> 
========================================================================
Received Import Request.
  path: Assets/Prefabs/Location UI.prefab
  artifactKey: Guid(4ff2c8125c63b9944aaf74382a6956db) Importer(815301076,1909f56bfc062723c751e8b465ee728b)
Start importing Assets/Prefabs/Location UI.prefab using Guid(4ff2c8125c63b9944aaf74382a6956db) Importer(815301076,1909f56bfc062723c751e8b465ee728b)  -> (artifact id: '009031f8e669fc5388f0a9f89f7437a3') in 0.304672 seconds 
  Import took 0.314805 seconds .

========================================================================
Received Import Request.
  Time since last request: 3.101956 seconds.
  path: Assets/Prefabs/Location UI.prefab
  artifactKey: Guid(4ff2c8125c63b9944aaf74382a6956db) Importer(815301076,1909f56bfc062723c751e8b465ee728b)
Start importing Assets/Prefabs/Location UI.prefab using Guid(4ff2c8125c63b9944aaf74382a6956db) Importer(815301076,1909f56bfc062723c751e8b465ee728b)  -> (artifact id: 'f926614a42c2dd333910597dcc729beb') in 0.227726 seconds 
  Import took 0.260147 seconds .

========================================================================
Received Import Request.
  Time since last request: 3.173524 seconds.
  path: Assets/Prefabs/Location UI.prefab
  artifactKey: Guid(4ff2c8125c63b9944aaf74382a6956db) Importer(815301076,1909f56bfc062723c751e8b465ee728b)
Start importing Assets/Prefabs/Location UI.prefab using Guid(4ff2c8125c63b9944aaf74382a6956db) Importer(815301076,1909f56bfc062723c751e8b465ee728b)  -> (artifact id: 'cb4b9a3b0a4aa57530e472868d2e4158') in 0.085945 seconds 
  Import took 0.097433 seconds .

========================================================================
Received Import Request.
  Time since last request: 13.037392 seconds.
  path: Assets/Prefabs/Location UI.prefab
  artifactKey: Guid(4ff2c8125c63b9944aaf74382a6956db) Importer(815301076,1909f56bfc062723c751e8b465ee728b)
Start importing Assets/Prefabs/Location UI.prefab using Guid(4ff2c8125c63b9944aaf74382a6956db) Importer(815301076,1909f56bfc062723c751e8b465ee728b)  -> (artifact id: '91d50f0d8bc9e7d6966a1ea85bace42a') in 0.085608 seconds 
  Import took 0.095175 seconds .

========================================================================
Received Import Request.
  Time since last request: 4.680000 seconds.
  path: Assets/Prefabs/Location UI.prefab
  artifactKey: Guid(4ff2c8125c63b9944aaf74382a6956db) Importer(815301076,1909f56bfc062723c751e8b465ee728b)
Start importing Assets/Prefabs/Location UI.prefab using Guid(4ff2c8125c63b9944aaf74382a6956db) Importer(815301076,1909f56bfc062723c751e8b465ee728b)  -> (artifact id: '6242347813e61ade18cfa863603b59b9') in 0.073660 seconds 
  Import took 0.081555 seconds .

========================================================================
Received Import Request.
  Time since last request: 12.400648 seconds.
  path: Assets/Prefabs/Location UI.prefab
  artifactKey: Guid(4ff2c8125c63b9944aaf74382a6956db) Importer(815301076,1909f56bfc062723c751e8b465ee728b)
Start importing Assets/Prefabs/Location UI.prefab using Guid(4ff2c8125c63b9944aaf74382a6956db) Importer(815301076,1909f56bfc062723c751e8b465ee728b)  -> (artifact id: '274f60c21bb9a695244c9c2944ec0a30') in 0.101412 seconds 
  Import took 0.115355 seconds .

========================================================================
Received Import Request.
  Time since last request: 3.673700 seconds.
  path: Assets/Prefabs/Location UI.prefab
  artifactKey: Guid(4ff2c8125c63b9944aaf74382a6956db) Importer(815301076,1909f56bfc062723c751e8b465ee728b)
Start importing Assets/Prefabs/Location UI.prefab using Guid(4ff2c8125c63b9944aaf74382a6956db) Importer(815301076,1909f56bfc062723c751e8b465ee728b)  -> (artifact id: '04d46ef7532b78e16a82070e1a0f4129') in 0.111421 seconds 
  Import took 0.121683 seconds .

========================================================================
Received Import Request.
  Time since last request: 5.287132 seconds.
  path: Assets/Prefabs/Location UI.prefab
  artifactKey: Guid(4ff2c8125c63b9944aaf74382a6956db) Importer(815301076,1909f56bfc062723c751e8b465ee728b)
Start importing Assets/Prefabs/Location UI.prefab using Guid(4ff2c8125c63b9944aaf74382a6956db) Importer(815301076,1909f56bfc062723c751e8b465ee728b)  -> (artifact id: 'b2137b24d317595ed8089de6c674d74d') in 0.100714 seconds 
  Import took 0.115618 seconds .

========================================================================
Received Import Request.
  Time since last request: 3.691154 seconds.
  path: Assets/Prefabs/Location UI.prefab
  artifactKey: Guid(4ff2c8125c63b9944aaf74382a6956db) Importer(815301076,1909f56bfc062723c751e8b465ee728b)
Start importing Assets/Prefabs/Location UI.prefab using Guid(4ff2c8125c63b9944aaf74382a6956db) Importer(815301076,1909f56bfc062723c751e8b465ee728b)  -> (artifact id: '9fa47e0299e8c039f71add27a90c57b3') in 0.178191 seconds 
  Import took 0.192809 seconds .

========================================================================
Received Import Request.
  Time since last request: 2.039013 seconds.
  path: Assets/Prefabs/Location UI.prefab
  artifactKey: Guid(4ff2c8125c63b9944aaf74382a6956db) Importer(815301076,1909f56bfc062723c751e8b465ee728b)
Start importing Assets/Prefabs/Location UI.prefab using Guid(4ff2c8125c63b9944aaf74382a6956db) Importer(815301076,1909f56bfc062723c751e8b465ee728b)  -> (artifact id: 'd199380215a14517e3e73adb3406ab54') in 0.109309 seconds 
  Import took 0.120608 seconds .

========================================================================
Received Import Request.
  Time since last request: 14.593925 seconds.
  path: Assets/Prefabs/Location UI.prefab
  artifactKey: Guid(4ff2c8125c63b9944aaf74382a6956db) Importer(815301076,1909f56bfc062723c751e8b465ee728b)
Start importing Assets/Prefabs/Location UI.prefab using Guid(4ff2c8125c63b9944aaf74382a6956db) Importer(815301076,1909f56bfc062723c751e8b465ee728b)  -> (artifact id: '9793a1bb6d4e59531d67d66047cc9b01') in 0.092101 seconds 
  Import took 0.108718 seconds .

========================================================================
Received Import Request.
  Time since last request: 12.671008 seconds.
  path: Assets/Prefabs/Location UI.prefab
  artifactKey: Guid(4ff2c8125c63b9944aaf74382a6956db) Importer(815301076,1909f56bfc062723c751e8b465ee728b)
Start importing Assets/Prefabs/Location UI.prefab using Guid(4ff2c8125c63b9944aaf74382a6956db) Importer(815301076,1909f56bfc062723c751e8b465ee728b)  -> (artifact id: '86e409d53669b51193c8429846915666') in 0.084361 seconds 
  Import took 0.093640 seconds .

========================================================================
Received Import Request.
  Time since last request: 5.930534 seconds.
  path: Assets/Prefabs/Location UI.prefab
  artifactKey: Guid(4ff2c8125c63b9944aaf74382a6956db) Importer(815301076,1909f56bfc062723c751e8b465ee728b)
Start importing Assets/Prefabs/Location UI.prefab using Guid(4ff2c8125c63b9944aaf74382a6956db) Importer(815301076,1909f56bfc062723c751e8b465ee728b)  -> (artifact id: 'b4a45044e0370a3e008b0775e63d46cd') in 0.083251 seconds 
  Import took 0.091415 seconds .

========================================================================
Received Import Request.
  Time since last request: 114.158852 seconds.
  path: Assets/Prefabs/Location UI.prefab
  artifactKey: Guid(4ff2c8125c63b9944aaf74382a6956db) Importer(815301076,1909f56bfc062723c751e8b465ee728b)
Start importing Assets/Prefabs/Location UI.prefab using Guid(4ff2c8125c63b9944aaf74382a6956db) Importer(815301076,1909f56bfc062723c751e8b465ee728b)  -> (artifact id: '643d42621cf451105803fcb708bf7b66') in 0.080815 seconds 
  Import took 0.090073 seconds .

========================================================================
Received Prepare
Registering precompiled user dll's ...
Registered in 0.009346 seconds.
Begin MonoManager ReloadAssembly
Native extension for WindowsStandalone target not found
Refreshing native plugins compatible for Editor in 0.77 ms, found 2 plugins.
Preloading 0 native plugins for Editor in 0.00 ms.
Mono: successfully reloaded assembly
- Completed reload, in  1.931 seconds
Domain Reload Profiling:
	ReloadAssembly (1931ms)
		BeginReloadAssembly (195ms)
			ExecutionOrderSort (0ms)
			DisableScriptedObjects (7ms)
			BackupInstance (0ms)
			ReleaseScriptingObjects (0ms)
			CreateAndSetChildDomain (55ms)
		EndReloadAssembly (1632ms)
			LoadAssemblies (160ms)
			RebuildTransferFunctionScriptingTraits (0ms)
			SetupTypeCache (582ms)
			ReleaseScriptCaches (2ms)
			RebuildScriptCaches (79ms)
			SetupLoadedEditorAssemblies (593ms)
				LogAssemblyErrors (0ms)
				InitializePlatformSupportModulesInManaged (9ms)
				SetLoadedEditorAssemblies (1ms)
				RefreshPlugins (1ms)
				BeforeProcessingInitializeOnLoad (185ms)
				ProcessInitializeOnLoadAttributes (369ms)
				ProcessInitializeOnLoadMethodAttributes (14ms)
				AfterProcessingInitializeOnLoad (13ms)
				EditorAssembliesLoaded (1ms)
			ExecutionOrderSort2 (0ms)
			AwakeInstancesAfterBackupRestoration (25ms)
Platform modules already initialized, skipping
Refreshing native plugins compatible for Editor in 0.73 ms, found 2 plugins.
Preloading 0 native plugins for Editor in 0.00 ms.
Unloading 2787 Unused Serialized files (Serialized files now loaded: 0)
System memory in use before: 125.7 MB.
System memory in use after: 125.9 MB.

Unloading 19 unused Assets to reduce memory usage. Loaded Objects now: 3375.
Total: 39.754600 ms (FindLiveObjects: 3.409400 ms CreateObjectMapping: 0.778200 ms MarkObjects: 35.499000 ms  DeleteObjects: 0.064100 ms)

AssetImportParameters requested are different than current active one (requested -> active):
  custom:framework-win-MediaFoundation: 216162199b28c13a410421893ffa2e32 -> 
  custom:video-decoder-ogg-theora: a1e56fd34408186e4bbccfd4996cb3dc -> 
  custom:container-muxer-webm: aa71ff27fc2769a1b78a27578f13a17b -> 
  custom:container-demuxer-webm: 4f35f7cbe854078d1ac9338744f61a02 -> 
  custom:container-demuxer-ogg: 62fdf1f143b41e24485cea50d1cbac27 -> 
  custom:video-encoder-webm-vp8: eb34c28f22e8b96e1ab97ce403110664 -> 
  custom:video-codec-MediaFoundation-h265: 746d11721c4dcdbdad8f713fa42b33f4 -> 
  custom:video-decoder-webm-vp8: 9c59270c3fd7afecdb556c50c9e8de78 -> 
  custom:audio-decoder-ogg-vorbis: bf7c407c2cedff20999df2af8eb42d56 -> 
  custom:audio-encoder-webm-vorbis: bf7c407c2cedff20999df2af8eb42d56 -> 
========================================================================
Received Import Request.
  Time since last request: 120.071277 seconds.
  path: Assets/Images/screenSlides
  artifactKey: Guid(407620aac73598e418a07ef6c2c21d90) Importer(815301076,1909f56bfc062723c751e8b465ee728b)
Start importing Assets/Images/screenSlides using Guid(407620aac73598e418a07ef6c2c21d90) Importer(815301076,1909f56bfc062723c751e8b465ee728b)  -> (artifact id: '55c5ab85021459a1042e19d88a443531') in 0.014538 seconds 
  Import took 0.028206 seconds .

========================================================================
Received Import Request.
  Time since last request: 296.218278 seconds.
  path: Assets/Images/screenSlides/all_menus_Page_01.png
  artifactKey: Guid(c3641b3821d90dc42a0066ea7b286b1b) Importer(815301076,1909f56bfc062723c751e8b465ee728b)
Start importing Assets/Images/screenSlides/all_menus_Page_01.png using Guid(c3641b3821d90dc42a0066ea7b286b1b) Importer(815301076,1909f56bfc062723c751e8b465ee728b)  -> (artifact id: '0b761a4c51b255e218bc0053101a1de6') in 0.168920 seconds 
  Import took 0.176337 seconds .

========================================================================
Received Import Request.
  Time since last request: 0.000602 seconds.
  path: Assets/Images/screenSlides/all_menus_Page_02.png
  artifactKey: Guid(94005dd344d720343a90a556ea74d077) Importer(815301076,1909f56bfc062723c751e8b465ee728b)
Start importing Assets/Images/screenSlides/all_menus_Page_02.png using Guid(94005dd344d720343a90a556ea74d077) Importer(815301076,1909f56bfc062723c751e8b465ee728b)  -> (artifact id: '3c83fc08e9abb7e8e1ca16fdcf6ecc25') in 0.024411 seconds 
  Import took 0.031990 seconds .

========================================================================
Received Import Request.
  Time since last request: 47.364802 seconds.
  path: Assets/Images/screenSlides/all_menus_Page_01.png
  artifactKey: Guid(c3641b3821d90dc42a0066ea7b286b1b) Importer(815301076,1909f56bfc062723c751e8b465ee728b)
Start importing Assets/Images/screenSlides/all_menus_Page_01.png using Guid(c3641b3821d90dc42a0066ea7b286b1b) Importer(815301076,1909f56bfc062723c751e8b465ee728b)  -> (artifact id: '1d9dc0d7fb7ce6ab47f23765e5070664') in 0.236724 seconds 
  Import took 0.247212 seconds .

========================================================================
Received Import Request.
  Time since last request: 0.000602 seconds.
  path: Assets/Images/screenSlides/all_menus_Page_02.png
  artifactKey: Guid(94005dd344d720343a90a556ea74d077) Importer(815301076,1909f56bfc062723c751e8b465ee728b)
Start importing Assets/Images/screenSlides/all_menus_Page_02.png using Guid(94005dd344d720343a90a556ea74d077) Importer(815301076,1909f56bfc062723c751e8b465ee728b)  -> (artifact id: '6ee0e4c94a795bd5c4d4f88bd57cf885') in 0.083577 seconds 
  Import took 0.093119 seconds .

========================================================================
Received Prepare
Registering precompiled user dll's ...
Registered in 0.011539 seconds.
Begin MonoManager ReloadAssembly
Native extension for WindowsStandalone target not found
Refreshing native plugins compatible for Editor in 1.07 ms, found 2 plugins.
Preloading 0 native plugins for Editor in 0.00 ms.
Mono: successfully reloaded assembly
- Completed reload, in  2.358 seconds
Domain Reload Profiling:
	ReloadAssembly (2359ms)
		BeginReloadAssembly (285ms)
			ExecutionOrderSort (0ms)
			DisableScriptedObjects (10ms)
			BackupInstance (0ms)
			ReleaseScriptingObjects (0ms)
			CreateAndSetChildDomain (105ms)
		EndReloadAssembly (1942ms)
			LoadAssemblies (261ms)
			RebuildTransferFunctionScriptingTraits (0ms)
			SetupTypeCache (783ms)
			ReleaseScriptCaches (2ms)
			RebuildScriptCaches (84ms)
			SetupLoadedEditorAssemblies (619ms)
				LogAssemblyErrors (0ms)
				InitializePlatformSupportModulesInManaged (6ms)
				SetLoadedEditorAssemblies (1ms)
				RefreshPlugins (1ms)
				BeforeProcessingInitializeOnLoad (183ms)
				ProcessInitializeOnLoadAttributes (388ms)
				ProcessInitializeOnLoadMethodAttributes (23ms)
				AfterProcessingInitializeOnLoad (16ms)
				EditorAssembliesLoaded (0ms)
			ExecutionOrderSort2 (0ms)
			AwakeInstancesAfterBackupRestoration (26ms)
Platform modules already initialized, skipping
Refreshing native plugins compatible for Editor in 0.86 ms, found 2 plugins.
Preloading 0 native plugins for Editor in 0.00 ms.
Unloading 2787 Unused Serialized files (Serialized files now loaded: 0)
System memory in use before: 128.7 MB.
System memory in use after: 128.9 MB.

Unloading 17 unused Assets to reduce memory usage. Loaded Objects now: 3384.
Total: 4.412400 ms (FindLiveObjects: 0.372900 ms CreateObjectMapping: 0.240800 ms MarkObjects: 3.771500 ms  DeleteObjects: 0.025400 ms)

AssetImportParameters requested are different than current active one (requested -> active):
  custom:framework-win-MediaFoundation: 216162199b28c13a410421893ffa2e32 -> 
  custom:video-decoder-ogg-theora: a1e56fd34408186e4bbccfd4996cb3dc -> 
  custom:container-muxer-webm: aa71ff27fc2769a1b78a27578f13a17b -> 
  custom:container-demuxer-webm: 4f35f7cbe854078d1ac9338744f61a02 -> 
  custom:container-demuxer-ogg: 62fdf1f143b41e24485cea50d1cbac27 -> 
  custom:video-encoder-webm-vp8: eb34c28f22e8b96e1ab97ce403110664 -> 
  custom:video-codec-MediaFoundation-h265: 746d11721c4dcdbdad8f713fa42b33f4 -> 
  custom:video-decoder-webm-vp8: 9c59270c3fd7afecdb556c50c9e8de78 -> 
  custom:audio-decoder-ogg-vorbis: bf7c407c2cedff20999df2af8eb42d56 -> 
  custom:audio-encoder-webm-vorbis: bf7c407c2cedff20999df2af8eb42d56 -> 
========================================================================
Received Import Request.
  Time since last request: 5746.858543 seconds.
  path: Assets/Images/Stores
  artifactKey: Guid(80eded7714f4e8446923931ccdb1af17) Importer(815301076,1909f56bfc062723c751e8b465ee728b)
Start importing Assets/Images/Stores using Guid(80eded7714f4e8446923931ccdb1af17) Importer(815301076,1909f56bfc062723c751e8b465ee728b)  -> (artifact id: 'a40adcc01316b982e91b6fd3d47fa2c8') in 0.013995 seconds 
  Import took 0.023102 seconds .

========================================================================
Received Import Request.
  Time since last request: 150.721101 seconds.
  path: Assets/Images/Stores/39.png
  artifactKey: Guid(71d1967cf9fb85c4692ff4a8a99505f5) Importer(815301076,1909f56bfc062723c751e8b465ee728b)
Start importing Assets/Images/Stores/39.png using Guid(71d1967cf9fb85c4692ff4a8a99505f5) Importer(815301076,1909f56bfc062723c751e8b465ee728b)  -> (artifact id: '3d924295506e8f897dfa8ff7ae8a8487') in 0.345403 seconds 
  Import took 0.360447 seconds .

========================================================================
Received Import Request.
  Time since last request: 0.000798 seconds.
  path: Assets/Images/Stores/41.png
  artifactKey: Guid(9cfbb76ee0c3b7b4ea4852302f11b38e) Importer(815301076,1909f56bfc062723c751e8b465ee728b)
Start importing Assets/Images/Stores/41.png using Guid(9cfbb76ee0c3b7b4ea4852302f11b38e) Importer(815301076,1909f56bfc062723c751e8b465ee728b)  -> (artifact id: '534960a93a4c2be7b3f6048700ed7b63') in 0.052891 seconds 
  Import took 0.065550 seconds .

========================================================================
Received Import Request.
  Time since last request: 0.000789 seconds.
  path: Assets/Images/Stores/40.png
  artifactKey: Guid(cba294f8e4ced3242a6423dcd0629663) Importer(815301076,1909f56bfc062723c751e8b465ee728b)
Start importing Assets/Images/Stores/40.png using Guid(cba294f8e4ced3242a6423dcd0629663) Importer(815301076,1909f56bfc062723c751e8b465ee728b)  -> (artifact id: 'd72049cdfd80b70be5b9e3d633112e8b') in 0.052427 seconds 
  Import took 0.066455 seconds .

========================================================================
Received Import Request.
  Time since last request: 0.000721 seconds.
  path: Assets/Images/Stores/timelin1e.png
  artifactKey: Guid(7f4635758ede17549a379f7f1b7d80a3) Importer(815301076,1909f56bfc062723c751e8b465ee728b)
Start importing Assets/Images/Stores/timelin1e.png using Guid(7f4635758ede17549a379f7f1b7d80a3) Importer(815301076,1909f56bfc062723c751e8b465ee728b)  -> (artifact id: 'e2ae5aa41dfb6dcc6467a2049ab729af') in 0.045215 seconds 
  Import took 0.054765 seconds .

========================================================================
Received Import Request.
  Time since last request: 0.000771 seconds.
  path: Assets/Images/Stores/47.png
  artifactKey: Guid(38b2bfe4acdee0d429f181bce1ddce2d) Importer(815301076,1909f56bfc062723c751e8b465ee728b)
Start importing Assets/Images/Stores/47.png using Guid(38b2bfe4acdee0d429f181bce1ddce2d) Importer(815301076,1909f56bfc062723c751e8b465ee728b)  -> (artifact id: '6f235872a766983912045b9316cd219c') in 0.024878 seconds 
  Import took 0.037535 seconds .

========================================================================
Received Import Request.
  Time since last request: 0.000640 seconds.
  path: Assets/Images/Stores/44.png
  artifactKey: Guid(a8949216333827a46ae4cfddf8e2877e) Importer(815301076,1909f56bfc062723c751e8b465ee728b)
Start importing Assets/Images/Stores/44.png using Guid(a8949216333827a46ae4cfddf8e2877e) Importer(815301076,1909f56bfc062723c751e8b465ee728b)  -> (artifact id: '718905a16c5ce3e0670160aeb924bbb6') in 0.025187 seconds 
  Import took 0.034089 seconds .

========================================================================
Received Import Request.
  Time since last request: 0.000636 seconds.
  path: Assets/Images/Stores/43.png
  artifactKey: Guid(2c4f126e948a3cd4a9ddbe6da78603b6) Importer(815301076,1909f56bfc062723c751e8b465ee728b)
Start importing Assets/Images/Stores/43.png using Guid(2c4f126e948a3cd4a9ddbe6da78603b6) Importer(815301076,1909f56bfc062723c751e8b465ee728b)  -> (artifact id: '06cb3c07624f6ba635c62f6c742bb68d') in 0.024721 seconds 
  Import took 0.032821 seconds .

========================================================================
Received Import Request.
  Time since last request: 0.000530 seconds.
  path: Assets/Images/Stores/46.png
  artifactKey: Guid(bb34ed20ffb1e8b40883ce9c1c3a98a0) Importer(815301076,1909f56bfc062723c751e8b465ee728b)
Start importing Assets/Images/Stores/46.png using Guid(bb34ed20ffb1e8b40883ce9c1c3a98a0) Importer(815301076,1909f56bfc062723c751e8b465ee728b)  -> (artifact id: '89138e6cf1c29fd897032054a2993812') in 0.026505 seconds 
  Import took 0.037995 seconds .

========================================================================
Received Import Request.
  Time since last request: 0.000701 seconds.
  path: Assets/Images/Stores/42.png
  artifactKey: Guid(fed2f203e27f0aa47b0a51fc37a21146) Importer(815301076,1909f56bfc062723c751e8b465ee728b)
Start importing Assets/Images/Stores/42.png using Guid(fed2f203e27f0aa47b0a51fc37a21146) Importer(815301076,1909f56bfc062723c751e8b465ee728b)  -> (artifact id: '7aceda9a304f59cbf4d14fee070d2a8b') in 0.039171 seconds 
  Import took 0.050613 seconds .

========================================================================
Received Import Request.
  Time since last request: 0.000841 seconds.
  path: Assets/Images/Stores/45.png
  artifactKey: Guid(fdf942e47719d2d418bc005c7657e570) Importer(815301076,1909f56bfc062723c751e8b465ee728b)
Start importing Assets/Images/Stores/45.png using Guid(fdf942e47719d2d418bc005c7657e570) Importer(815301076,1909f56bfc062723c751e8b465ee728b)  -> (artifact id: '694615bd67d58663a0fd8739ab5eb5d7') in 0.026783 seconds 
  Import took 0.039560 seconds .

========================================================================
Received Import Request.
  Time since last request: 0.000686 seconds.
  path: Assets/Images/Stores/timeline.png
  artifactKey: Guid(caa826f90094cfc40a9bd2ee0280473b) Importer(815301076,1909f56bfc062723c751e8b465ee728b)
Start importing Assets/Images/Stores/timeline.png using Guid(caa826f90094cfc40a9bd2ee0280473b) Importer(815301076,1909f56bfc062723c751e8b465ee728b)  -> (artifact id: '60a29ba85e0ddd1227ee70c35c191214') in 0.063843 seconds 
  Import took 0.079144 seconds .

========================================================================
Received Import Request.
  Time since last request: 0.000660 seconds.
  path: Assets/Images/Stores/48.png
  artifactKey: Guid(84be4cd388a99aa46a910b1820f2e97e) Importer(815301076,1909f56bfc062723c751e8b465ee728b)
Start importing Assets/Images/Stores/48.png using Guid(84be4cd388a99aa46a910b1820f2e97e) Importer(815301076,1909f56bfc062723c751e8b465ee728b)  -> (artifact id: '7da2b6326b5a23f9a2869dbe2bf7dbe1') in 0.024793 seconds 
  Import took 0.032928 seconds .

========================================================================
Received Import Request.
  Time since last request: 25.576119 seconds.
  path: Assets/Images/Stores/43.png
  artifactKey: Guid(2c4f126e948a3cd4a9ddbe6da78603b6) Importer(815301076,1909f56bfc062723c751e8b465ee728b)
Start importing Assets/Images/Stores/43.png using Guid(2c4f126e948a3cd4a9ddbe6da78603b6) Importer(815301076,1909f56bfc062723c751e8b465ee728b)  -> (artifact id: '323e343fed3eb36736dbd2d2106cf9eb') in 0.103970 seconds 
  Import took 0.111406 seconds .

========================================================================
Received Import Request.
  Time since last request: 0.000544 seconds.
  path: Assets/Images/Stores/41.png
  artifactKey: Guid(9cfbb76ee0c3b7b4ea4852302f11b38e) Importer(815301076,1909f56bfc062723c751e8b465ee728b)
Start importing Assets/Images/Stores/41.png using Guid(9cfbb76ee0c3b7b4ea4852302f11b38e) Importer(815301076,1909f56bfc062723c751e8b465ee728b)  -> (artifact id: 'c3f8693115674cf9e34e3906a95c161f') in 0.046401 seconds 
  Import took 0.053337 seconds .

========================================================================
Received Import Request.
  Time since last request: 0.001053 seconds.
  path: Assets/Images/Stores/40.png
  artifactKey: Guid(cba294f8e4ced3242a6423dcd0629663) Importer(815301076,1909f56bfc062723c751e8b465ee728b)
Start importing Assets/Images/Stores/40.png using Guid(cba294f8e4ced3242a6423dcd0629663) Importer(815301076,1909f56bfc062723c751e8b465ee728b)  -> (artifact id: 'ab784e6620b55ad6e202403b7609f0e3') in 0.029291 seconds 
  Import took 0.037140 seconds .

========================================================================
Received Import Request.
  Time since last request: 0.000595 seconds.
  path: Assets/Images/Stores/timelin1e.png
  artifactKey: Guid(7f4635758ede17549a379f7f1b7d80a3) Importer(815301076,1909f56bfc062723c751e8b465ee728b)
Start importing Assets/Images/Stores/timelin1e.png using Guid(7f4635758ede17549a379f7f1b7d80a3) Importer(815301076,1909f56bfc062723c751e8b465ee728b)  -> (artifact id: '34c67b3cf032ba3338619cfe45599c74') in 0.042333 seconds 
  Import took 0.050979 seconds .

========================================================================
Received Import Request.
  Time since last request: 0.001077 seconds.
  path: Assets/Images/Stores/47.png
  artifactKey: Guid(38b2bfe4acdee0d429f181bce1ddce2d) Importer(815301076,1909f56bfc062723c751e8b465ee728b)
Start importing Assets/Images/Stores/47.png using Guid(38b2bfe4acdee0d429f181bce1ddce2d) Importer(815301076,1909f56bfc062723c751e8b465ee728b)  -> (artifact id: '72cf095f5ceb28c9ca7efd0f3c5245ec') in 0.035300 seconds 
  Import took 0.044221 seconds .

========================================================================
Received Import Request.
  Time since last request: 0.000552 seconds.
  path: Assets/Images/Stores/39.png
  artifactKey: Guid(71d1967cf9fb85c4692ff4a8a99505f5) Importer(815301076,1909f56bfc062723c751e8b465ee728b)
Start importing Assets/Images/Stores/39.png using Guid(71d1967cf9fb85c4692ff4a8a99505f5) Importer(815301076,1909f56bfc062723c751e8b465ee728b)  -> (artifact id: '9d2e3746f318b2af55ff5ada8532c8c1') in 0.034056 seconds 
  Import took 0.040475 seconds .

========================================================================
Received Import Request.
  Time since last request: 0.000495 seconds.
  path: Assets/Images/Stores/44.png
  artifactKey: Guid(a8949216333827a46ae4cfddf8e2877e) Importer(815301076,1909f56bfc062723c751e8b465ee728b)
Start importing Assets/Images/Stores/44.png using Guid(a8949216333827a46ae4cfddf8e2877e) Importer(815301076,1909f56bfc062723c751e8b465ee728b)  -> (artifact id: 'f77e07cfe5d2d81dde5d4b2fcee953c2') in 0.023742 seconds 
  Import took 0.029425 seconds .

========================================================================
Received Import Request.
  Time since last request: 0.000463 seconds.
  path: Assets/Images/Stores/46.png
  artifactKey: Guid(bb34ed20ffb1e8b40883ce9c1c3a98a0) Importer(815301076,1909f56bfc062723c751e8b465ee728b)
Start importing Assets/Images/Stores/46.png using Guid(bb34ed20ffb1e8b40883ce9c1c3a98a0) Importer(815301076,1909f56bfc062723c751e8b465ee728b)  -> (artifact id: '88f26e6d4eaf4e4c705f85ebd73ad8b0') in 0.034252 seconds 
  Import took 0.042413 seconds .

========================================================================
Received Import Request.
  Time since last request: 0.001973 seconds.
  path: Assets/Images/Stores/42.png
  artifactKey: Guid(fed2f203e27f0aa47b0a51fc37a21146) Importer(815301076,1909f56bfc062723c751e8b465ee728b)
Start importing Assets/Images/Stores/42.png using Guid(fed2f203e27f0aa47b0a51fc37a21146) Importer(815301076,1909f56bfc062723c751e8b465ee728b)  -> (artifact id: '45432189466dcf9fec46197491f2cd00') in 0.038205 seconds 
  Import took 0.047670 seconds .

========================================================================
Received Import Request.
  Time since last request: 0.000467 seconds.
  path: Assets/Images/Stores/45.png
  artifactKey: Guid(fdf942e47719d2d418bc005c7657e570) Importer(815301076,1909f56bfc062723c751e8b465ee728b)
Start importing Assets/Images/Stores/45.png using Guid(fdf942e47719d2d418bc005c7657e570) Importer(815301076,1909f56bfc062723c751e8b465ee728b)  -> (artifact id: '3c4efccc16f426a0dac2293f920015f1') in 0.030606 seconds 
  Import took 0.038355 seconds .

========================================================================
Received Import Request.
  Time since last request: 0.000624 seconds.
  path: Assets/Images/Stores/timeline.png
  artifactKey: Guid(caa826f90094cfc40a9bd2ee0280473b) Importer(815301076,1909f56bfc062723c751e8b465ee728b)
Start importing Assets/Images/Stores/timeline.png using Guid(caa826f90094cfc40a9bd2ee0280473b) Importer(815301076,1909f56bfc062723c751e8b465ee728b)  -> (artifact id: 'b100e671c42aedc6409acc7fd9e46d91') in 0.094246 seconds 
  Import took 0.109138 seconds .

========================================================================
Received Import Request.
  Time since last request: 0.000625 seconds.
  path: Assets/Images/Stores/48.png
  artifactKey: Guid(84be4cd388a99aa46a910b1820f2e97e) Importer(815301076,1909f56bfc062723c751e8b465ee728b)
Start importing Assets/Images/Stores/48.png using Guid(84be4cd388a99aa46a910b1820f2e97e) Importer(815301076,1909f56bfc062723c751e8b465ee728b)  -> (artifact id: '6388d96d69162d948d4aa93ec8d5bdda') in 0.030220 seconds 
  Import took 0.039139 seconds .

========================================================================
Received Import Request.
  Time since last request: 1058.358150 seconds.
  path: Assets/Images/Stores/Images
  artifactKey: Guid(6df037f0fc809384898d524856f01a21) Importer(815301076,1909f56bfc062723c751e8b465ee728b)
Start importing Assets/Images/Stores/Images using Guid(6df037f0fc809384898d524856f01a21) Importer(815301076,1909f56bfc062723c751e8b465ee728b)  -> (artifact id: '7afade17eb2138fc26e2534c141c4371') in 0.006070 seconds 
  Import took 0.014680 seconds .

========================================================================
Received Import Request.
  Time since last request: 12.714238 seconds.
  path: Assets/Images/Stores/Stories
  artifactKey: Guid(a1cf879132246b847b2ac237683afb92) Importer(815301076,1909f56bfc062723c751e8b465ee728b)
Start importing Assets/Images/Stores/Stories using Guid(a1cf879132246b847b2ac237683afb92) Importer(815301076,1909f56bfc062723c751e8b465ee728b)  -> (artifact id: 'd8b7c5cb711cb0536d9081a8f5fec2e4') in 0.008491 seconds 
  Import took 0.020535 seconds .

========================================================================
Received Import Request.
  Time since last request: 299.407312 seconds.
  path: Assets/Images/PassageEnterance
  artifactKey: Guid(8ca7e28a96112f04a9bdc3cc63b5b4a1) Importer(815301076,1909f56bfc062723c751e8b465ee728b)
Start importing Assets/Images/PassageEnterance using Guid(8ca7e28a96112f04a9bdc3cc63b5b4a1) Importer(815301076,1909f56bfc062723c751e8b465ee728b)  -> (artifact id: 'c4e5f67f527b15aec72359cdeb458b51') in 0.007158 seconds 
  Import took 0.014697 seconds .

========================================================================
Received Import Request.
  Time since last request: 7.386483 seconds.
  path: Assets/Images/PassageEnterance/Images
  artifactKey: Guid(f8823bf56fa6516468705bdea66affc3) Importer(815301076,1909f56bfc062723c751e8b465ee728b)
Start importing Assets/Images/PassageEnterance/Images using Guid(f8823bf56fa6516468705bdea66affc3) Importer(815301076,1909f56bfc062723c751e8b465ee728b)  -> (artifact id: 'e42eeb246cef292bacc06b3b7c9c3727') in 0.005208 seconds 
  Import took 0.011378 seconds .

========================================================================
Received Import Request.
  Time since last request: 16.308568 seconds.
  path: Assets/Images/PassageEnterance/Images/30.png
  artifactKey: Guid(e3f481e0ad235b9469f5c294271ff126) Importer(815301076,1909f56bfc062723c751e8b465ee728b)
Start importing Assets/Images/PassageEnterance/Images/30.png using Guid(e3f481e0ad235b9469f5c294271ff126) Importer(815301076,1909f56bfc062723c751e8b465ee728b)  -> (artifact id: '82b0dfbb96e2164c23446d831452dbe6') in 0.025905 seconds 
  Import took 0.033253 seconds .

========================================================================
Received Import Request.
  Time since last request: 0.000543 seconds.
  path: Assets/Images/PassageEnterance/Images/33.png
  artifactKey: Guid(5accd64f34252204ca0a4d808e4ea123) Importer(815301076,1909f56bfc062723c751e8b465ee728b)
Start importing Assets/Images/PassageEnterance/Images/33.png using Guid(5accd64f34252204ca0a4d808e4ea123) Importer(815301076,1909f56bfc062723c751e8b465ee728b)  -> (artifact id: '919fa1d5de2418f261f22ad8d1fdf866') in 0.026869 seconds 
  Import took 0.034284 seconds .

========================================================================
Received Import Request.
  Time since last request: 0.000513 seconds.
  path: Assets/Images/PassageEnterance/Images/31.png
  artifactKey: Guid(9d3ac6953c5ef114cacca148990d0d43) Importer(815301076,1909f56bfc062723c751e8b465ee728b)
Start importing Assets/Images/PassageEnterance/Images/31.png using Guid(9d3ac6953c5ef114cacca148990d0d43) Importer(815301076,1909f56bfc062723c751e8b465ee728b)  -> (artifact id: '437b4eb8abcb9d78e38618bd61be5ecf') in 0.025475 seconds 
  Import took 0.040184 seconds .

========================================================================
Received Import Request.
  Time since last request: 0.000560 seconds.
  path: Assets/Images/PassageEnterance/Images/38.png
  artifactKey: Guid(256131aa03161c1439b59c5abd2cb39a) Importer(815301076,1909f56bfc062723c751e8b465ee728b)
Start importing Assets/Images/PassageEnterance/Images/38.png using Guid(256131aa03161c1439b59c5abd2cb39a) Importer(815301076,1909f56bfc062723c751e8b465ee728b)  -> (artifact id: '4d577f850d930a832a4b7972acfdfaf1') in 0.022546 seconds 
  Import took 0.029403 seconds .

========================================================================
Received Import Request.
  Time since last request: 0.000485 seconds.
  path: Assets/Images/PassageEnterance/Images/37.png
  artifactKey: Guid(1d3e2bd4f3e3bae4ca1bb42e797a9604) Importer(815301076,1909f56bfc062723c751e8b465ee728b)
Start importing Assets/Images/PassageEnterance/Images/37.png using Guid(1d3e2bd4f3e3bae4ca1bb42e797a9604) Importer(815301076,1909f56bfc062723c751e8b465ee728b)  -> (artifact id: 'b46621f64b907781d7dca997dac6a156') in 0.025202 seconds 
  Import took 0.034726 seconds .

========================================================================
Received Import Request.
  Time since last request: 0.000659 seconds.
  path: Assets/Images/PassageEnterance/Images/49.png
  artifactKey: Guid(9996d900f4451d9488f5fd4404247c68) Importer(815301076,1909f56bfc062723c751e8b465ee728b)
Start importing Assets/Images/PassageEnterance/Images/49.png using Guid(9996d900f4451d9488f5fd4404247c68) Importer(815301076,1909f56bfc062723c751e8b465ee728b)  -> (artifact id: '23834b373c0a86b2ee74a7d4b0c522bb') in 0.027715 seconds 
  Import took 0.040731 seconds .

========================================================================
Received Import Request.
  Time since last request: 0.000522 seconds.
  path: Assets/Images/PassageEnterance/Images/34.png
  artifactKey: Guid(9483f8cb0548eed4fa24f3b6101a96dc) Importer(815301076,1909f56bfc062723c751e8b465ee728b)
Start importing Assets/Images/PassageEnterance/Images/34.png using Guid(9483f8cb0548eed4fa24f3b6101a96dc) Importer(815301076,1909f56bfc062723c751e8b465ee728b)  -> (artifact id: 'b66498fad0c2243de565454377b4540d') in 0.026449 seconds 
  Import took 0.034680 seconds .

========================================================================
Received Import Request.
  Time since last request: 0.000484 seconds.
  path: Assets/Images/PassageEnterance/Images/36.png
  artifactKey: Guid(afe6b0aa57982b94788f37c793628ba2) Importer(815301076,1909f56bfc062723c751e8b465ee728b)
Start importing Assets/Images/PassageEnterance/Images/36.png using Guid(afe6b0aa57982b94788f37c793628ba2) Importer(815301076,1909f56bfc062723c751e8b465ee728b)  -> (artifact id: '299a382d45f86bef9acb53a248d99fe9') in 0.021237 seconds 
  Import took 0.029341 seconds .

========================================================================
Received Import Request.
  Time since last request: 0.000564 seconds.
  path: Assets/Images/PassageEnterance/Images/35.png
  artifactKey: Guid(09fe29ef2563c674ca46b781944ba63c) Importer(815301076,1909f56bfc062723c751e8b465ee728b)
Start importing Assets/Images/PassageEnterance/Images/35.png using Guid(09fe29ef2563c674ca46b781944ba63c) Importer(815301076,1909f56bfc062723c751e8b465ee728b)  -> (artifact id: 'd88c0af636046d5348b85c75fad88754') in 0.032500 seconds 
  Import took 0.040530 seconds .

========================================================================
Received Import Request.
  Time since last request: 0.000628 seconds.
  path: Assets/Images/PassageEnterance/Images/timeline.png
  artifactKey: Guid(386c0ca70baab9d419a59def6388c99d) Importer(815301076,1909f56bfc062723c751e8b465ee728b)
Start importing Assets/Images/PassageEnterance/Images/timeline.png using Guid(386c0ca70baab9d419a59def6388c99d) Importer(815301076,1909f56bfc062723c751e8b465ee728b)  -> (artifact id: '850c24f001c1e1dfc67ff340bacffdc0') in 0.064180 seconds 
  Import took 0.077039 seconds .

========================================================================
Received Import Request.
  Time since last request: 0.000467 seconds.
  path: Assets/Images/PassageEnterance/Images/32.png
  artifactKey: Guid(04df8279d20af0d45af2d55dedf265b0) Importer(815301076,1909f56bfc062723c751e8b465ee728b)
Start importing Assets/Images/PassageEnterance/Images/32.png using Guid(04df8279d20af0d45af2d55dedf265b0) Importer(815301076,1909f56bfc062723c751e8b465ee728b)  -> (artifact id: 'a2be5c07e4a0facb66290f163f076148') in 0.029436 seconds 
  Import took 0.041208 seconds .

========================================================================
Received Import Request.
  Time since last request: 0.000793 seconds.
  path: Assets/Images/PassageEnterance/Images/timel1ine.png
  artifactKey: Guid(3535916f128e9ba46ac31b9fd010da6b) Importer(815301076,1909f56bfc062723c751e8b465ee728b)
Start importing Assets/Images/PassageEnterance/Images/timel1ine.png using Guid(3535916f128e9ba46ac31b9fd010da6b) Importer(815301076,1909f56bfc062723c751e8b465ee728b)  -> (artifact id: '0fc8ee3135fb722b0ace88530a8fc1ff') in 0.026122 seconds 
  Import took 0.035180 seconds .

========================================================================
Received Import Request.
  Time since last request: 27.106078 seconds.
  path: Assets/Images/PassageEnterance/Images/49.png
  artifactKey: Guid(9996d900f4451d9488f5fd4404247c68) Importer(815301076,1909f56bfc062723c751e8b465ee728b)
Start importing Assets/Images/PassageEnterance/Images/49.png using Guid(9996d900f4451d9488f5fd4404247c68) Importer(815301076,1909f56bfc062723c751e8b465ee728b)  -> (artifact id: 'd72c12ac8ce22e37ec56d66a28fbbe44') in 0.049008 seconds 
  Import took 0.056462 seconds .

========================================================================
Received Import Request.
  Time since last request: 0.011922 seconds.
  path: Assets/Images/PassageEnterance/Images/30.png
  artifactKey: Guid(e3f481e0ad235b9469f5c294271ff126) Importer(815301076,1909f56bfc062723c751e8b465ee728b)
Start importing Assets/Images/PassageEnterance/Images/30.png using Guid(e3f481e0ad235b9469f5c294271ff126) Importer(815301076,1909f56bfc062723c751e8b465ee728b)  -> (artifact id: 'abfb2f1b64095c5b1330d587df026f87') in 0.026895 seconds 
  Import took 0.033792 seconds .

========================================================================
Received Import Request.
  Time since last request: 0.000501 seconds.
  path: Assets/Images/PassageEnterance/Images/33.png
  artifactKey: Guid(5accd64f34252204ca0a4d808e4ea123) Importer(815301076,1909f56bfc062723c751e8b465ee728b)
Start importing Assets/Images/PassageEnterance/Images/33.png using Guid(5accd64f34252204ca0a4d808e4ea123) Importer(815301076,1909f56bfc062723c751e8b465ee728b)  -> (artifact id: '33cd1b6b3e582d3a6a51dc49815bbe5c') in 0.028801 seconds 
  Import took 0.034622 seconds .

========================================================================
Received Import Request.
  Time since last request: 0.000492 seconds.
  path: Assets/Images/PassageEnterance/Images/31.png
  artifactKey: Guid(9d3ac6953c5ef114cacca148990d0d43) Importer(815301076,1909f56bfc062723c751e8b465ee728b)
Start importing Assets/Images/PassageEnterance/Images/31.png using Guid(9d3ac6953c5ef114cacca148990d0d43) Importer(815301076,1909f56bfc062723c751e8b465ee728b)  -> (artifact id: '3ddac6b1db1a4cfa5583d414eda5f2fb') in 0.031028 seconds 
  Import took 0.037170 seconds .

========================================================================
Received Import Request.
  Time since last request: 0.000511 seconds.
  path: Assets/Images/PassageEnterance/Images/38.png
  artifactKey: Guid(256131aa03161c1439b59c5abd2cb39a) Importer(815301076,1909f56bfc062723c751e8b465ee728b)
Start importing Assets/Images/PassageEnterance/Images/38.png using Guid(256131aa03161c1439b59c5abd2cb39a) Importer(815301076,1909f56bfc062723c751e8b465ee728b)  -> (artifact id: 'a1cbebeb1a0f8426eb63c08dddee177a') in 0.046071 seconds 
  Import took 0.057308 seconds .

========================================================================
Received Import Request.
  Time since last request: 0.000669 seconds.
  path: Assets/Images/PassageEnterance/Images/37.png
  artifactKey: Guid(1d3e2bd4f3e3bae4ca1bb42e797a9604) Importer(815301076,1909f56bfc062723c751e8b465ee728b)
Start importing Assets/Images/PassageEnterance/Images/37.png using Guid(1d3e2bd4f3e3bae4ca1bb42e797a9604) Importer(815301076,1909f56bfc062723c751e8b465ee728b)  -> (artifact id: '0b62ed3699988c0bb6e342c903e9c326') in 0.031980 seconds 
  Import took 0.038725 seconds .

========================================================================
Received Import Request.
  Time since last request: 0.000434 seconds.
  path: Assets/Images/PassageEnterance/Images/34.png
  artifactKey: Guid(9483f8cb0548eed4fa24f3b6101a96dc) Importer(815301076,1909f56bfc062723c751e8b465ee728b)
Start importing Assets/Images/PassageEnterance/Images/34.png using Guid(9483f8cb0548eed4fa24f3b6101a96dc) Importer(815301076,1909f56bfc062723c751e8b465ee728b)  -> (artifact id: 'ea99bb96dc80f27594593a6abacd2dbd') in 0.037167 seconds 
  Import took 0.044469 seconds .

========================================================================
Received Import Request.
  Time since last request: 0.000532 seconds.
  path: Assets/Images/PassageEnterance/Images/36.png
  artifactKey: Guid(afe6b0aa57982b94788f37c793628ba2) Importer(815301076,1909f56bfc062723c751e8b465ee728b)
Start importing Assets/Images/PassageEnterance/Images/36.png using Guid(afe6b0aa57982b94788f37c793628ba2) Importer(815301076,1909f56bfc062723c751e8b465ee728b)  -> (artifact id: '91b51196a50afe86f7eaafbf4cadea14') in 0.035500 seconds 
  Import took 0.042618 seconds .

========================================================================
Received Import Request.
  Time since last request: 0.000567 seconds.
  path: Assets/Images/PassageEnterance/Images/35.png
  artifactKey: Guid(09fe29ef2563c674ca46b781944ba63c) Importer(815301076,1909f56bfc062723c751e8b465ee728b)
Start importing Assets/Images/PassageEnterance/Images/35.png using Guid(09fe29ef2563c674ca46b781944ba63c) Importer(815301076,1909f56bfc062723c751e8b465ee728b)  -> (artifact id: 'c05a9b5d6818ac2d3ebb264d917fdede') in 0.028280 seconds 
  Import took 0.035592 seconds .

========================================================================
Received Import Request.
  Time since last request: 0.000458 seconds.
  path: Assets/Images/PassageEnterance/Images/timeline.png
  artifactKey: Guid(386c0ca70baab9d419a59def6388c99d) Importer(815301076,1909f56bfc062723c751e8b465ee728b)
Start importing Assets/Images/PassageEnterance/Images/timeline.png using Guid(386c0ca70baab9d419a59def6388c99d) Importer(815301076,1909f56bfc062723c751e8b465ee728b)  -> (artifact id: 'abf19b0b40cb9c27dabcaae8d4a7b513') in 0.088258 seconds 
  Import took 0.102203 seconds .

========================================================================
Received Import Request.
  Time since last request: 0.000463 seconds.
  path: Assets/Images/PassageEnterance/Images/32.png
  artifactKey: Guid(04df8279d20af0d45af2d55dedf265b0) Importer(815301076,1909f56bfc062723c751e8b465ee728b)
Start importing Assets/Images/PassageEnterance/Images/32.png using Guid(04df8279d20af0d45af2d55dedf265b0) Importer(815301076,1909f56bfc062723c751e8b465ee728b)  -> (artifact id: '40ed853270295031e10e8f00bae30ea3') in 0.026436 seconds 
  Import took 0.032627 seconds .

========================================================================
Received Import Request.
  Time since last request: 0.000545 seconds.
  path: Assets/Images/PassageEnterance/Images/timel1ine.png
  artifactKey: Guid(3535916f128e9ba46ac31b9fd010da6b) Importer(815301076,1909f56bfc062723c751e8b465ee728b)
Start importing Assets/Images/PassageEnterance/Images/timel1ine.png using Guid(3535916f128e9ba46ac31b9fd010da6b) Importer(815301076,1909f56bfc062723c751e8b465ee728b)  -> (artifact id: '1c1a20c1d81a1aa942ab5b6eb98426ad') in 0.029896 seconds 
  Import took 0.037644 seconds .

========================================================================
Received Import Request.
  Time since last request: 561.905662 seconds.
  path: Assets/Images/PassageEnterance/Images/53.png
  artifactKey: Guid(82abf6b597235e142b7c7531f3c59667) Importer(815301076,1909f56bfc062723c751e8b465ee728b)
Start importing Assets/Images/PassageEnterance/Images/53.png using Guid(82abf6b597235e142b7c7531f3c59667) Importer(815301076,1909f56bfc062723c751e8b465ee728b)  -> (artifact id: '1f868d0ab4b5937560733a05123a20ea') in 0.025436 seconds 
  Import took 0.033396 seconds .

========================================================================
Received Import Request.
  Time since last request: 7.124431 seconds.
  path: Assets/Images/PassageEnterance/Images/53.png
  artifactKey: Guid(82abf6b597235e142b7c7531f3c59667) Importer(815301076,1909f56bfc062723c751e8b465ee728b)
Start importing Assets/Images/PassageEnterance/Images/53.png using Guid(82abf6b597235e142b7c7531f3c59667) Importer(815301076,1909f56bfc062723c751e8b465ee728b)  -> (artifact id: 'f6cb079ec6c570c3246b1f69989991be') in 0.031962 seconds 
  Import took 0.069425 seconds .

========================================================================
Received Prepare
Registering precompiled user dll's ...
Registered in 0.027510 seconds.
Begin MonoManager ReloadAssembly
Native extension for WindowsStandalone target not found
Refreshing native plugins compatible for Editor in 1.63 ms, found 2 plugins.
Preloading 0 native plugins for Editor in 0.00 ms.
Mono: successfully reloaded assembly
- Completed reload, in  7.771 seconds
Domain Reload Profiling:
	ReloadAssembly (7779ms)
		BeginReloadAssembly (2129ms)
			ExecutionOrderSort (0ms)
			DisableScriptedObjects (62ms)
			BackupInstance (0ms)
			ReleaseScriptingObjects (1ms)
			CreateAndSetChildDomain (400ms)
		EndReloadAssembly (5547ms)
			LoadAssemblies (177ms)
			RebuildTransferFunctionScriptingTraits (0ms)
			SetupTypeCache (3509ms)
			ReleaseScriptCaches (3ms)
			RebuildScriptCaches (144ms)
			SetupLoadedEditorAssemblies (1072ms)
				LogAssemblyErrors (0ms)
				InitializePlatformSupportModulesInManaged (12ms)
				SetLoadedEditorAssemblies (2ms)
				RefreshPlugins (2ms)
				BeforeProcessingInitializeOnLoad (240ms)
				ProcessInitializeOnLoadAttributes (744ms)
				ProcessInitializeOnLoadMethodAttributes (42ms)
				AfterProcessingInitializeOnLoad (31ms)
				EditorAssembliesLoaded (1ms)
			ExecutionOrderSort2 (0ms)
			AwakeInstancesAfterBackupRestoration (306ms)
Platform modules already initialized, skipping
Refreshing native plugins compatible for Editor in 0.62 ms, found 2 plugins.
Preloading 0 native plugins for Editor in 0.00 ms.
Unloading 2787 Unused Serialized files (Serialized files now loaded: 0)
System memory in use before: 128.8 MB.
System memory in use after: 129.0 MB.

Unloading 17 unused Assets to reduce memory usage. Loaded Objects now: 3410.
Total: 4.285600 ms (FindLiveObjects: 0.295000 ms CreateObjectMapping: 0.220500 ms MarkObjects: 3.737200 ms  DeleteObjects: 0.031200 ms)

AssetImportParameters requested are different than current active one (requested -> active):
  custom:framework-win-MediaFoundation: 216162199b28c13a410421893ffa2e32 -> 
  custom:video-decoder-ogg-theora: a1e56fd34408186e4bbccfd4996cb3dc -> 
  custom:container-muxer-webm: aa71ff27fc2769a1b78a27578f13a17b -> 
  custom:container-demuxer-webm: 4f35f7cbe854078d1ac9338744f61a02 -> 
  custom:container-demuxer-ogg: 62fdf1f143b41e24485cea50d1cbac27 -> 
  custom:video-encoder-webm-vp8: eb34c28f22e8b96e1ab97ce403110664 -> 
  custom:video-codec-MediaFoundation-h265: 746d11721c4dcdbdad8f713fa42b33f4 -> 
  custom:video-decoder-webm-vp8: 9c59270c3fd7afecdb556c50c9e8de78 -> 
  custom:audio-decoder-ogg-vorbis: bf7c407c2cedff20999df2af8eb42d56 -> 
  custom:audio-encoder-webm-vorbis: bf7c407c2cedff20999df2af8eb42d56 -> 
AssetImportWorkerClient::OnTransportError - code=2 error=End of file
